C51 COMPILER V8.18   IIC_R_W                                                               04/06/2012 13:33:25 PAGE 1   


C51 COMPILER V8.18, COMPILATION OF MODULE IIC_R_W
OBJECT MODULE PLACED IN IIC_R_W.OBJ
COMPILER INVOKED BY: C:\Keil\C51\BIN\C51.EXE IIC_R_W.C BROWSE DEBUG OBJECTEXTEND TABS(8)

line level    source

   1          #include "c8051F340.h"
   2          #include "Main.h"
   3          
   4          int WriteEE(unsigned int SubAdr,unsigned char Num,unsigned char *Wbuf);
   5          int ReadEE(unsigned int SubAdr,unsigned char Num,unsigned char *Rbuf);
   6          
   7          int ReadCCR(unsigned char SubAdr,unsigned char Num,unsigned char *Rbuf);
   8          int ReadCCR(unsigned char SubAdr,unsigned char Num,unsigned char *Rbuf);
   9          
  10          unsigned char ReadByte();
  11          int SendByte(unsigned char);
  12          void Start(void);
  13          void Stop(void);
  14          void SendACK(void);
  15          void SendNoACK(void);
  16          void WDFeed(void);
  17          
  18          
  19          
  20          /*页写存储器,Num<=8*/
  21          int WriteEE(unsigned int SubAdr,unsigned char Num,unsigned char *Wbuf)
  22          {
  23   1              unsigned char data i;
  24   1              if(SubAdr < 0x2000 )
  25   1              {
  26   2                      Start(); /*发送I2C 总线起始条件*/
  27   2                      if(SendByte(0xa0)!=0) return -1; /* 发送被控器地址*/
  28   2                      if(SendByte(SubAdr/256)!=0) return -1; /* 发送被控器总线地址*/  
  29   2                      if(SendByte((SubAdr%256))!=0) return -1; /*发送写的地址*/
  30   2                      for(i=0;i<Num;i++) /*重复操作直到发送完最后一个数据*/
  31   2                      if(SendByte(*(Wbuf+i))!=0) return -1;
  32   2                      Stop(); /*发送I2C 总线停止条件*/
  33   2                      Delay(200); /*延时10ms,等待数据写完*/
  34   2                      return 0;
  35   2              }
  36   1              else    return -1;
  37   1      }
  38          
  39          /*读多个字节数据 */
  40          int ReadEE(unsigned int SubAdr,unsigned char Num,unsigned char *Rbuf)
  41          {
  42   1              unsigned char data i;
  43   1              if(SubAdr < 0x2000 )
  44   1              {
  45   2                      Start();                                /* 发送I2C 总线起始条件*/
  46   2                      if(SendByte(0xa0)!=0) return -1; /* 发送被控器地址*/
  47   2                      if(SendByte(SubAdr/256)!=0) return -1; /* 发送被控器总线地址*/  
  48   2                      if(SendByte((SubAdr%256))!=0) return -1; /*发送写的地址*/
  49   2                      Start();                                /*发送I2C 总线重复起始条件*/
  50   2                      if(SendByte(0xa1)!=0) return -1;        /*发送被控器总线读地址*/
  51   2                      if(Num!=1)
  52   2                              {
  53   3                                      for(i=0;i<Num-1;i++)
  54   3                                      {
  55   4                                      *(Rbuf+i)=ReadByte();
C51 COMPILER V8.18   IIC_R_W                                                               04/06/2012 13:33:25 PAGE 2   

  56   4                                      SendACK(); /*发送应答信号*/
  57   4                                      }
  58   3                                      *(Rbuf+Num-1)=ReadByte();
  59   3                              }
  60   2                      else
  61   2                              *Rbuf=ReadByte();
  62   2                      SendNoACK(); /*最后一个字节,发送非应答信号*/
  63   2                      Stop(); /*发送I2C 总线停止条件*/
  64   2                      return 0;
  65   2              }
  66   1              else    return -1;
  67   1      }
  68          
  69          /*字节数据传送子程序发送一个字节数据或地址给被控器*/
  70          int SendByte(unsigned char a)
  71          {
  72   1              unsigned char data i,j;
  73   1              unsigned char bdata Sin;
  74   1              Sin=a;
  75   1              for(i=0;i<8;i++)
  76   1                      {
  77   2                              if((Sin & 0x80)==0)
  78   2                                      SDA=0;
  79   2                              else
  80   2                                      SDA=1;
  81   2                              for(j=0;j<80;j++);
  82   2                              SCL=1; /*置时钟线为高通知被控器开始*/
  83   2                              for(j=0;j<160;j++);/*保证时钟高周期大于4 s*/
  84   2                              SCL=0;
  85   2                              Sin=Sin<<1;
  86   2                      }
  87   1              for(j=0;j<80;j++);
  88   1                      SDA=1;
  89   1              for(j=0;j<80;j++);
  90   1                      SCL=1;
  91   1              for(j=0;j<80;j++);
  92   1              if (SDA==0) {SCL=0;return 0;} /*成功,返回0*/
  93   1              for(j=0;j<80;j++);
  94   1              SCL=0;
  95   1              return -1; /*未收到应答,返回-1*/
  96   1      }
  97          
  98          
  99          /*数据接收子程序从被控器接收一个字节数据*/
 100          unsigned char ReadByte()
 101          {
 102   1              unsigned char data i,j;
 103   1              unsigned char bdata Sin;
 104   1              SDA=1;
 105   1              for (i=0;i<7;i++)
 106   1                      {
 107   2                              SCL=0;
 108   2                              for(j=0;j<80;j++);
 109   2                              SCL=1;
 110   2                              if(SDA==1)
 111   2                                      Sin|=0x01;
 112   2                              else
 113   2                                      Sin&=0xfe;
 114   2                              for(j=0;j<80;j++);
 115   2                              Sin<<=1;
 116   2                      }
 117   1              SCL=0;
C51 COMPILER V8.18   IIC_R_W                                                               04/06/2012 13:33:25 PAGE 3   

 118   1              for(j=0;j<80;j++);
 119   1                      SCL=1;
 120   1              if(SDA==1)
 121   1                      Sin|=0x01;
 122   1              else
 123   1                      Sin&=0xfe;
 124   1              for(j=0;j<80;j++);
 125   1              return(Sin);
 126   1      }
 127          
 128          /*发送应答位*/
 129          void SendACK()
 130          {
 131   1              unsigned char data j;
 132   1              SCL=0;
 133   1              for(j=0;j<80;j++);
 134   1              SDA=0;
 135   1              for(j=0;j<80;j++);
 136   1              SCL=1;
 137   1              for(j=0;j<160;j++);
 138   1              SCL=0;
 139   1      }
 140          
 141          /*发送非应答位*/
 142          void SendNoACK()
 143          {
 144   1              unsigned char data j;
 145   1              SCL=0;
 146   1              for(j=0;j<80;j++);
 147   1              SDA=1;
 148   1              for(j=0;j<80;j++);
 149   1              SCL=1;
 150   1              for(j=0;j<160;j++);
 151   1              SCL=0;
 152   1      }
 153          
 154          /*START 启动I2C 总线子程序发送I2C 起始条件*/
 155          void Start(void)
 156          {
 157   1              unsigned char data i;
 158   1              SDA=1; /* 发送起始条件的数据信号*/
 159   1              for (i=0;i<80;i++);
 160   1              SCL=1; /*发送起始条件的时钟信号*/
 161   1              for(i=0;i<160;i++) ; /*起始条件建立时间大于4.7 s*/
 162   1              SDA=0; /*发送起始信号*/
 163   1              for(i=0;i<160;i++); /*起始条件锁定时间大于4 s*/
 164   1              SCL=0; /*钳住I2C 总线准备发送或接收数据*/
 165   1      }
 166          
 167          /*STOP 停止I2C 总线子程序发送I2C 总线停止条件*/
 168          void Stop(void)
 169          {
 170   1              unsigned char data i;
 171   1              SDA=0;
 172   1              for(i=0;i<80;i++) ;
 173   1              SCL=1;
 174   1              for(i=0;i<160;i++) ;
 175   1              SDA=1;
 176   1              for(i=0;i<160;i++);
 177   1      }
 178          
 179          
C51 COMPILER V8.18   IIC_R_W                                                               04/06/2012 13:33:25 PAGE 4   

 180          


MODULE INFORMATION:   STATIC OVERLAYABLE
   CODE SIZE        =    546    ----
   CONSTANT SIZE    =   ----    ----
   XDATA SIZE       =   ----    ----
   PDATA SIZE       =   ----    ----
   DATA SIZE        =      2      14
   IDATA SIZE       =   ----    ----
   BIT SIZE         =   ----    ----
END OF MODULE INFORMATION.


C51 COMPILATION COMPLETE.  0 WARNING(S),  0 ERROR(S)
