
BL51 BANKED LINKER/LOCATER V6.15 - SN: K1UMC-VKYSRC
COPYRIGHT KEIL ELEKTRONIK GmbH 1987 - 2008
"E:\DALITEK\hotel_room\yian_huar\Main.obj"  TO "E:\DALITEK\hotel_room\yian_huar\yian_huar" RS(256) PL(68) PW(78) 

*** WARNING L1: UNRESOLVED EXTERNAL SYMBOL
    SYMBOL:  DELAY_30S
    MODULE:  E:\DALITEK\hotel_room\yian_huar\Main.obj (MAIN)

*** WARNING L1: UNRESOLVED EXTERNAL SYMBOL
    SYMBOL:  _READEE
    MODULE:  E:\DALITEK\hotel_room\yian_huar\Main.obj (MAIN)

*** WARNING L1: UNRESOLVED EXTERNAL SYMBOL
    SYMBOL:  RECEIVE_DATA1
    MODULE:  E:\DALITEK\hotel_room\yian_huar\Main.obj (MAIN)

*** WARNING L1: UNRESOLVED EXTERNAL SYMBOL
    SYMBOL:  TRANS_DATA
    MODULE:  E:\DALITEK\hotel_room\yian_huar\Main.obj (MAIN)

*** WARNING L1: UNRESOLVED EXTERNAL SYMBOL
    SYMBOL:  PROC_INPUT_INSIDE
    MODULE:  E:\DALITEK\hotel_room\yian_huar\Main.obj (MAIN)

*** WARNING L1: UNRESOLVED EXTERNAL SYMBOL
    SYMBOL:  PROC_INPUT_OUTSIDE
    MODULE:  E:\DALITEK\hotel_room\yian_huar\Main.obj (MAIN)

*** WARNING L1: UNRESOLVED EXTERNAL SYMBOL
    SYMBOL:  SET_TRANREADY1
    MODULE:  E:\DALITEK\hotel_room\yian_huar\Main.obj (MAIN)

*** WARNING L1: UNRESOLVED EXTERNAL SYMBOL
    SYMBOL:  TRANS_DATA1
    MODULE:  E:\DALITEK\hotel_room\yian_huar\Main.obj (MAIN)

*** WARNING L1: UNRESOLVED EXTERNAL SYMBOL
    SYMBOL:  RECEIVE_DATA
    MODULE:  E:\DALITEK\hotel_room\yian_huar\Main.obj (MAIN)

*** WARNING L2: REFERENCE MADE TO UNRESOLVED EXTERNAL
    SYMBOL:  _READEE
    MODULE:  E:\DALITEK\hotel_room\yian_huar\Main.obj (MAIN)
    ADDRESS: 0222H

*** WARNING L2: REFERENCE MADE TO UNRESOLVED EXTERNAL
    SYMBOL:  _READEE
    MODULE:  E:\DALITEK\hotel_room\yian_huar\Main.obj (MAIN)
    ADDRESS: 0043H

*** WARNING L2: REFERENCE MADE TO UNRESOLVED EXTERNAL
    SYMBOL:  TRANS_DATA1
    MODULE:  E:\DALITEK\hotel_room\yian_huar\Main.obj (MAIN)
    ADDRESS: 005EH

*** WARNING L2: REFERENCE MADE TO UNRESOLVED EXTERNAL
    SYMBOL:  TRANS_DATA
    MODULE:  E:\DALITEK\hotel_room\yian_huar\Main.obj (MAIN)
    ADDRESS: 0076H

*** WARNING L2: REFERENCE MADE TO UNRESOLVED EXTERNAL
    SYMBOL:  DELAY_30S
    MODULE:  E:\DALITEK\hotel_room\yian_huar\Main.obj (MAIN)
    ADDRESS: 007FH

*** WARNING L2: REFERENCE MADE TO UNRESOLVED EXTERNAL
    SYMBOL:  RECEIVE_DATA
    MODULE:  E:\DALITEK\hotel_room\yian_huar\Main.obj (MAIN)
    ADDRESS: 00A6H

*** WARNING L2: REFERENCE MADE TO UNRESOLVED EXTERNAL
    SYMBOL:  RECEIVE_DATA1
    MODULE:  E:\DALITEK\hotel_room\yian_huar\Main.obj (MAIN)
    ADDRESS: 00B0H

*** WARNING L2: REFERENCE MADE TO UNRESOLVED EXTERNAL
    SYMBOL:  PROC_INPUT_OUTSIDE
    MODULE:  E:\DALITEK\hotel_room\yian_huar\Main.obj (MAIN)
    ADDRESS: 00B9H

*** WARNING L2: REFERENCE MADE TO UNRESOLVED EXTERNAL
    SYMBOL:  PROC_INPUT_INSIDE
    MODULE:  E:\DALITEK\hotel_room\yian_huar\Main.obj (MAIN)
    ADDRESS: 00BFH

*** WARNING L2: REFERENCE MADE TO UNRESOLVED EXTERNAL
    SYMBOL:  TRANS_DATA
    MODULE:  E:\DALITEK\hotel_room\yian_huar\Main.obj (MAIN)
    ADDRESS: 00E9H

*** WARNING L2: REFERENCE MADE TO UNRESOLVED EXTERNAL
    SYMBOL:  TRANS_DATA1
    MODULE:  E:\DALITEK\hotel_room\yian_huar\Main.obj (MAIN)
    ADDRESS: 00FBH

*** WARNING L2: REFERENCE MADE TO UNRESOLVED EXTERNAL
    SYMBOL:  SET_TRANREADY1
    MODULE:  E:\DALITEK\hotel_room\yian_huar\Main.obj (MAIN)
    ADDRESS: 0124H

Program Size: data=59.0 xdata=84 code=623
LINK/LOCATE RUN COMPLETE.  21 WARNING(S),  0 ERROR(S)
