C51 COMPILER V9.50a   IIC_R_W                                                              09/03/2013 16:56:56 PAGE 1   


C51 COMPILER V9.50a, COMPILATION OF MODULE IIC_R_W
OBJECT MODULE PLACED IN IIC_R_W.OBJ
COMPILER INVOKED BY: C:\Keil\C51\BIN\C51.EXE IIC_R_W.C BROWSE DEBUG OBJECTEXTEND TABS(2)

line level    source

   1          #include "c8051F340.h"
   2          #include "Main.h"
   3          
   4          int WriteEE(unsigned int SubAdr,unsigned char Num,unsigned char *Wbuf);
   5          int ReadEE(unsigned int SubAdr,unsigned char Num,unsigned char *Rbuf);
   6          
   7          int ReadCCR(unsigned char SubAdr,unsigned char Num,unsigned char *Rbuf);
   8          int ReadCCR(unsigned char SubAdr,unsigned char Num,unsigned char *Rbuf);
   9          
  10          unsigned char ReadByte();
  11          int SendByte(unsigned char);
  12          void Start(void);
  13          void Stop(void);
  14          void SendACK(void);
  15          void SendNoACK(void);
  16          void WDFeed(void);
  17          
  18          
  19          
  20          /*页写存储器,Num<=8*/
  21          int WriteEE(unsigned int SubAdr,unsigned char Num,unsigned char *Wbuf)
  22          {
  23   1        unsigned char data i;
  24   1        if(SubAdr < 0x2000 )
  25   1        {
  26   2          Start(); /*发送I2C 总线起始条件*/
  27   2          if(SendByte(0xa0)!=0) 
  28   2          { 
  29   3            Stop(); /*发送I2C 总线停止条件*/
  30   3            return -1; /* 发送被控器地址*/
  31   3          }
  32   2          
  33   2          if(SendByte(SubAdr/256)!=0) 
  34   2          { 
  35   3            Stop(); /*发送I2C 总线停止条件*/
  36   3            return -1; /* 发送被控器地址*/
  37   3          }
  38   2              
  39   2          if(SendByte((SubAdr%256))!=0)
  40   2          { 
  41   3            Stop(); /*发送I2C 总线停止条件*/
  42   3            return -1; /* 发送被控器地址*/
  43   3          }
  44   2             
  45   2          for(i=0;i<Num;i++) /*重复操作直到发送完最后一个数据*/
  46   2          if(SendByte(*(Wbuf+i))!=0) return -1;
  47   2          Stop(); /*发送I2C 总线停止条件*/
  48   2          Delay(200); /*延时10ms,等待数据写完*/
  49   2          return 0;
  50   2        }
  51   1        else  return -1;
  52   1      }
  53          
  54          /*读多个字节数据 */
  55          int ReadEE(unsigned int SubAdr,unsigned char Num,unsigned char *Rbuf)
C51 COMPILER V9.50a   IIC_R_W                                                              09/03/2013 16:56:56 PAGE 2   

  56          {
  57   1        unsigned char data i;
  58   1        if(SubAdr < 0x2000 )
  59   1        {
  60   2          Start();        /* 发送I2C 总线起始条件*/
  61   2          if(SendByte(0xa0)!=0) 
  62   2          { 
  63   3            Stop(); /*发送I2C 总线停止条件*/
  64   3            return -1; /* 发送被控器地址*/
  65   3          }
  66   2            
  67   2          if(SendByte(SubAdr/256)!=0) 
  68   2          { 
  69   3            Stop(); /*发送I2C 总线停止条件*/
  70   3            return -1; /* 发送被控器地址*/
  71   3          }
  72   2              
  73   2          if(SendByte((SubAdr%256))!=0) 
  74   2          { 
  75   3            Stop(); /*发送I2C 总线停止条件*/
  76   3            return -1; /* 发送被控器地址*/
  77   3          }
  78   2            
  79   2          Start();        /*发送I2C 总线重复起始条件*/
  80   2          if(SendByte(0xa1)!=0) 
  81   2          { 
  82   3            Stop(); /*发送I2C 总线停止条件*/
  83   3            return -1; /* 发送被控器地址*/
  84   3          }
  85   2            
  86   2          if(Num!=1)
  87   2            {
  88   3              for(i=0;i<Num-1;i++)
  89   3              {
  90   4              *(Rbuf+i)=ReadByte();
  91   4              SendACK(); /*发送应答信号*/
  92   4              }
  93   3              *(Rbuf+Num-1)=ReadByte();
  94   3            }
  95   2          else
  96   2            *Rbuf=ReadByte();
  97   2          SendNoACK(); /*最后一个字节,发送非应答信号*/
  98   2          Stop(); /*发送I2C 总线停止条件*/
  99   2          return 0;
 100   2        }
 101   1        else  return -1;
 102   1      }
 103          
 104          /*字节数据传送子程序发送一个字节数据或地址给被控器*/
 105          int SendByte(unsigned char a)
 106          {
 107   1        unsigned char data i,j;
 108   1        unsigned char bdata Sin;
 109   1        Sin=a;
 110   1        for(i=0;i<8;i++)
 111   1          {
 112   2            if((Sin & 0x80)==0)
 113   2              SDA=0;
 114   2            else
 115   2              SDA=1;
 116   2            for(j=0;j<80;j++);
 117   2            SCL=1; /*置时钟线为高通知被控器开始*/
C51 COMPILER V9.50a   IIC_R_W                                                              09/03/2013 16:56:56 PAGE 3   

 118   2            for(j=0;j<160;j++);/*保证时钟高周期大于4 s*/
 119   2            SCL=0;
 120   2            Sin=Sin<<1;
 121   2          }
 122   1        for(j=0;j<80;j++);
 123   1          SDA=1;
 124   1        for(j=0;j<80;j++);
 125   1          SCL=1;
 126   1        for(j=0;j<80;j++);
 127   1        if (SDA==0) {SCL=0;return 0;} /*成功,返回0*/
 128   1        for(j=0;j<80;j++);
 129   1        SCL=0;
 130   1        return -1; /*未收到应答,返回-1*/
 131   1      }
 132          
 133          
 134          /*数据接收子程序从被控器接收一个字节数据*/
 135          unsigned char ReadByte()
 136          {
 137   1        unsigned char data i,j;
 138   1        unsigned char bdata Sin;
 139   1        SDA=1;
 140   1        for (i=0;i<7;i++)
 141   1          {
 142   2            SCL=0;
 143   2            for(j=0;j<80;j++);
 144   2            SCL=1;
 145   2            if(SDA==1)
 146   2              Sin|=0x01;
 147   2            else
 148   2              Sin&=0xfe;
 149   2            for(j=0;j<80;j++);
 150   2            Sin<<=1;
 151   2          }
 152   1        SCL=0;
 153   1        for(j=0;j<80;j++);
 154   1          SCL=1;
 155   1        if(SDA==1)
 156   1          Sin|=0x01;
 157   1        else
 158   1          Sin&=0xfe;
 159   1        for(j=0;j<80;j++);
 160   1        return(Sin);
 161   1      }
 162          
 163          /*发送应答位*/
 164          void SendACK()
 165          {
 166   1        unsigned char data j;
 167   1        SCL=0;
 168   1        for(j=0;j<80;j++);
 169   1        SDA=0;
 170   1        for(j=0;j<80;j++);
 171   1        SCL=1;
 172   1        for(j=0;j<160;j++);
 173   1        SCL=0;
 174   1      }
 175          
 176          /*发送非应答位*/
 177          void SendNoACK()
 178          {
 179   1        unsigned char data j;
C51 COMPILER V9.50a   IIC_R_W                                                              09/03/2013 16:56:56 PAGE 4   

 180   1        SCL=0;
 181   1        for(j=0;j<80;j++);
 182   1        SDA=1;
 183   1        for(j=0;j<80;j++);
 184   1        SCL=1;
 185   1        for(j=0;j<160;j++);
 186   1        SCL=0;
 187   1      }
 188          
 189          /*START 启动I2C 总线子程序发送I2C 起始条件*/
 190          void Start(void)
 191          {
 192   1        unsigned char data i;
 193   1        SDA=1; /* 发送起始条件的数据信号*/
 194   1        for (i=0;i<80;i++);
 195   1        SCL=1; /*发送起始条件的时钟信号*/
 196   1        for(i=0;i<160;i++) ; /*起始条件建立时间大于4.7 s*/
 197   1        SDA=0; /*发送起始信号*/
 198   1        for(i=0;i<160;i++); /*起始条件锁定时间大于4 s*/
 199   1        SCL=0; /*钳住I2C 总线准备发送或接收数据*/
 200   1      }
 201          
 202          /*STOP 停止I2C 总线子程序发送I2C 总线停止条件*/
 203          void Stop(void)
 204          {
 205   1        unsigned char data i;
 206   1        SDA=0;
 207   1        for(i=0;i<80;i++) ;
 208   1        SCL=1;
 209   1        for(i=0;i<160;i++) ;
 210   1        SDA=1;
 211   1        for(i=0;i<160;i++);
 212   1      }
 213          
 214          
 215          


MODULE INFORMATION:   STATIC OVERLAYABLE
   CODE SIZE        =    551    ----
   CONSTANT SIZE    =   ----    ----
   XDATA SIZE       =   ----    ----
   PDATA SIZE       =   ----    ----
   DATA SIZE        =      2      14
   IDATA SIZE       =   ----    ----
   BIT SIZE         =   ----    ----
END OF MODULE INFORMATION.


C51 COMPILATION COMPLETE.  0 WARNING(S),  0 ERROR(S)
